app/build/intermediates/manifest_merge_blame_file/debug/processDebugMainManifest/manifest-merger-blame-debug-report.txt
1<?xml version="1.0" encoding="utf-8"?>
2<manifest xmlns:android="http://schemas.android.com/apk/res/android"
3    package="com.marcos.myspentapp"
4    android:versionCode="1"
5    android:versionName="1.0" >
6
7    <uses-sdk
8        android:minSdkVersion="24"
9        android:targetSdkVersion="36" />
10
11    <!-- Include required permissions for Google Maps API to run. -->
12    <uses-permission android:name="android.permission.ACCESS_NETWORK_STATE" />
12-->[com.google.android.gms:play-services-maps:18.0.2] AndroidManifest.xml:23:5-79
12-->[com.google.android.gms:play-services-maps:18.0.2] AndroidManifest.xml:23:22-76
13    <uses-permission android:name="android.permission.INTERNET" />
13-->[com.google.android.gms:play-services-maps:18.0.2] AndroidManifest.xml:24:5-67
13-->[com.google.android.gms:play-services-maps:18.0.2] AndroidManifest.xml:24:22-64
14
15    <uses-feature
15-->[com.google.android.gms:play-services-maps:18.0.2] AndroidManifest.xml:26:5-28:35
16        android:glEsVersion="0x00020000"
16-->[com.google.android.gms:play-services-maps:18.0.2] AndroidManifest.xml:27:9-41
17        android:required="true" />
17-->[com.google.android.gms:play-services-maps:18.0.2] AndroidManifest.xml:28:9-32
18
19    <queries>
19-->[com.google.android.gms:play-services-maps:18.0.2] AndroidManifest.xml:30:5-34:15
20
21        <!-- Needs to be explicitly declared on Android R+ -->
22        <package android:name="com.google.android.apps.maps" />
22-->[com.google.android.gms:play-services-maps:18.0.2] AndroidManifest.xml:33:9-64
22-->[com.google.android.gms:play-services-maps:18.0.2] AndroidManifest.xml:33:18-61
23    </queries>
24
25    <uses-permission android:name="android.permission.WAKE_LOCK" />
25-->[androidx.media3:media3-exoplayer:1.9.0] AndroidManifest.xml:23:5-68
25-->[androidx.media3:media3-exoplayer:1.9.0] AndroidManifest.xml:23:22-65
26
27    <permission
27-->[androidx.core:core:1.17.0] AndroidManifest.xml:22:5-24:47
28        android:name="com.marcos.myspentapp.DYNAMIC_RECEIVER_NOT_EXPORTED_PERMISSION"
28-->[androidx.core:core:1.17.0] AndroidManifest.xml:23:9-81
29        android:protectionLevel="signature" />
29-->[androidx.core:core:1.17.0] AndroidManifest.xml:24:9-44
30
31    <uses-permission android:name="com.marcos.myspentapp.DYNAMIC_RECEIVER_NOT_EXPORTED_PERMISSION" />
31-->[androidx.core:core:1.17.0] AndroidManifest.xml:26:5-97
31-->[androidx.core:core:1.17.0] AndroidManifest.xml:26:22-94
32
33    <application
33-->src\main\AndroidManifest.xml:4:5-23:19
34        android:allowBackup="true"
34-->src\main\AndroidManifest.xml:5:9-35
35        android:appComponentFactory="androidx.core.app.CoreComponentFactory"
35-->[androidx.core:core:1.17.0] AndroidManifest.xml:28:18-86
36        android:dataExtractionRules="@xml/data_extraction_rules"
36-->src\main\AndroidManifest.xml:6:9-65
37        android:debuggable="true"
38        android:extractNativeLibs="false"
39        android:fullBackupContent="@xml/backup_rules"
39-->src\main\AndroidManifest.xml:7:9-54
40        android:icon="@drawable/ms1"
40-->src\main\AndroidManifest.xml:8:9-37
41        android:label="@string/app_name"
41-->src\main\AndroidManifest.xml:9:9-41
42        android:supportsRtl="true"
42-->src\main\AndroidManifest.xml:10:9-35
43        android:testOnly="true"
44        android:theme="@style/Theme.MySpentApp.Splash" >
44-->src\main\AndroidManifest.xml:11:9-55
45        <activity
45-->src\main\AndroidManifest.xml:13:9-21:20
46            android:name="com.marcos.myspentapp.MainActivity"
46-->src\main\AndroidManifest.xml:14:13-41
47            android:exported="true"
47-->src\main\AndroidManifest.xml:15:13-36
48            android:theme="@style/Theme.MySpentApp" >
48-->src\main\AndroidManifest.xml:16:13-52
49            <intent-filter>
49-->src\main\AndroidManifest.xml:17:13-20:29
50                <action android:name="android.intent.action.MAIN" />
50-->src\main\AndroidManifest.xml:18:17-69
50-->src\main\AndroidManifest.xml:18:25-66
51
52                <category android:name="android.intent.category.LAUNCHER" />
52-->src\main\AndroidManifest.xml:19:17-77
52-->src\main\AndroidManifest.xml:19:27-74
53            </intent-filter>
54        </activity>
55        <activity
55-->[androidx.compose.ui:ui-tooling-android:1.10.0] AndroidManifest.xml:23:9-25:39
56            android:name="androidx.compose.ui.tooling.PreviewActivity"
56-->[androidx.compose.ui:ui-tooling-android:1.10.0] AndroidManifest.xml:24:13-71
57            android:exported="true" /> <!-- Needs to be explicitly declared on P+ -->
57-->[androidx.compose.ui:ui-tooling-android:1.10.0] AndroidManifest.xml:25:13-36
58        <uses-library
58-->[com.google.android.gms:play-services-maps:18.0.2] AndroidManifest.xml:39:9-41:40
59            android:name="org.apache.http.legacy"
59-->[com.google.android.gms:play-services-maps:18.0.2] AndroidManifest.xml:40:13-50
60            android:required="false" />
60-->[com.google.android.gms:play-services-maps:18.0.2] AndroidManifest.xml:41:13-37
61
62        <activity
62-->[com.google.android.gms:play-services-base:18.5.0] AndroidManifest.xml:5:9-173
63            android:name="com.google.android.gms.common.api.GoogleApiActivity"
63-->[com.google.android.gms:play-services-base:18.5.0] AndroidManifest.xml:5:19-85
64            android:exported="false"
64-->[com.google.android.gms:play-services-base:18.5.0] AndroidManifest.xml:5:146-170
65            android:theme="@android:style/Theme.Translucent.NoTitleBar" />
65-->[com.google.android.gms:play-services-base:18.5.0] AndroidManifest.xml:5:86-145
66
67        <meta-data
67-->[com.google.android.gms:play-services-basement:18.9.0] AndroidManifest.xml:21:9-23:69
68            android:name="com.google.android.gms.version"
68-->[com.google.android.gms:play-services-basement:18.9.0] AndroidManifest.xml:22:13-58
69            android:value="@integer/google_play_services_version" />
69-->[com.google.android.gms:play-services-basement:18.9.0] AndroidManifest.xml:23:13-66
70
71        <uses-library
71-->[androidx.window:window:1.5.0] AndroidManifest.xml:23:9-25:40
72            android:name="androidx.window.extensions"
72-->[androidx.window:window:1.5.0] AndroidManifest.xml:24:13-54
73            android:required="false" />
73-->[androidx.window:window:1.5.0] AndroidManifest.xml:25:13-37
74        <uses-library
74-->[androidx.window:window:1.5.0] AndroidManifest.xml:26:9-28:40
75            android:name="androidx.window.sidecar"
75-->[androidx.window:window:1.5.0] AndroidManifest.xml:27:13-51
76            android:required="false" />
76-->[androidx.window:window:1.5.0] AndroidManifest.xml:28:13-37
77
78        <provider
78-->[androidx.emoji2:emoji2:1.4.0] AndroidManifest.xml:24:9-32:20
79            android:name="androidx.startup.InitializationProvider"
79-->[androidx.emoji2:emoji2:1.4.0] AndroidManifest.xml:25:13-67
80            android:authorities="com.marcos.myspentapp.androidx-startup"
80-->[androidx.emoji2:emoji2:1.4.0] AndroidManifest.xml:26:13-68
81            android:exported="false" >
81-->[androidx.emoji2:emoji2:1.4.0] AndroidManifest.xml:27:13-37
82            <meta-data
82-->[androidx.emoji2:emoji2:1.4.0] AndroidManifest.xml:29:13-31:52
83                android:name="androidx.emoji2.text.EmojiCompatInitializer"
83-->[androidx.emoji2:emoji2:1.4.0] AndroidManifest.xml:30:17-75
84                android:value="androidx.startup" />
84-->[androidx.emoji2:emoji2:1.4.0] AndroidManifest.xml:31:17-49
85            <meta-data
85-->[androidx.lifecycle:lifecycle-process:2.10.0] AndroidManifest.xml:29:13-31:52
86                android:name="androidx.lifecycle.ProcessLifecycleInitializer"
86-->[androidx.lifecycle:lifecycle-process:2.10.0] AndroidManifest.xml:30:17-78
87                android:value="androidx.startup" />
87-->[androidx.lifecycle:lifecycle-process:2.10.0] AndroidManifest.xml:31:17-49
88            <meta-data
88-->[androidx.profileinstaller:profileinstaller:1.4.0] AndroidManifest.xml:29:13-31:52
89                android:name="androidx.profileinstaller.ProfileInstallerInitializer"
89-->[androidx.profileinstaller:profileinstaller:1.4.0] AndroidManifest.xml:30:17-85
90                android:value="androidx.startup" />
90-->[androidx.profileinstaller:profileinstaller:1.4.0] AndroidManifest.xml:31:17-49
91        </provider>
92
93        <activity
93-->[androidx.compose.ui:ui-test-manifest:1.10.0] AndroidManifest.xml:23:9-26:79
94            android:name="androidx.activity.ComponentActivity"
94-->[androidx.compose.ui:ui-test-manifest:1.10.0] AndroidManifest.xml:24:13-63
95            android:exported="true"
95-->[androidx.compose.ui:ui-test-manifest:1.10.0] AndroidManifest.xml:25:13-36
96            android:theme="@android:style/Theme.Material.Light.NoActionBar" />
96-->[androidx.compose.ui:ui-test-manifest:1.10.0] AndroidManifest.xml:26:13-76
97
98        <service
98-->[androidx.room:room-runtime-android:2.8.4] AndroidManifest.xml:24:9-28:63
99            android:name="androidx.room.MultiInstanceInvalidationService"
99-->[androidx.room:room-runtime-android:2.8.4] AndroidManifest.xml:25:13-74
100            android:directBootAware="true"
100-->[androidx.room:room-runtime-android:2.8.4] AndroidManifest.xml:26:13-43
101            android:exported="false" />
101-->[androidx.room:room-runtime-android:2.8.4] AndroidManifest.xml:27:13-37
102
103        <receiver
103-->[androidx.profileinstaller:profileinstaller:1.4.0] AndroidManifest.xml:34:9-52:20
104            android:name="androidx.profileinstaller.ProfileInstallReceiver"
104-->[androidx.profileinstaller:profileinstaller:1.4.0] AndroidManifest.xml:35:13-76
105            android:directBootAware="false"
105-->[androidx.profileinstaller:profileinstaller:1.4.0] AndroidManifest.xml:36:13-44
106            android:enabled="true"
106-->[androidx.profileinstaller:profileinstaller:1.4.0] AndroidManifest.xml:37:13-35
107            android:exported="true"
107-->[androidx.profileinstaller:profileinstaller:1.4.0] AndroidManifest.xml:38:13-36
108            android:permission="android.permission.DUMP" >
108-->[androidx.profileinstaller:profileinstaller:1.4.0] AndroidManifest.xml:39:13-57
109            <intent-filter>
109-->[androidx.profileinstaller:profileinstaller:1.4.0] AndroidManifest.xml:40:13-42:29
110                <action android:name="androidx.profileinstaller.action.INSTALL_PROFILE" />
110-->[androidx.profileinstaller:profileinstaller:1.4.0] AndroidManifest.xml:41:17-91
110-->[androidx.profileinstaller:profileinstaller:1.4.0] AndroidManifest.xml:41:25-88
111            </intent-filter>
112            <intent-filter>
112-->[androidx.profileinstaller:profileinstaller:1.4.0] AndroidManifest.xml:43:13-45:29
113                <action android:name="androidx.profileinstaller.action.SKIP_FILE" />
113-->[androidx.profileinstaller:profileinstaller:1.4.0] AndroidManifest.xml:44:17-85
113-->[androidx.profileinstaller:profileinstaller:1.4.0] AndroidManifest.xml:44:25-82
114            </intent-filter>
115            <intent-filter>
115-->[androidx.profileinstaller:profileinstaller:1.4.0] AndroidManifest.xml:46:13-48:29
116                <action android:name="androidx.profileinstaller.action.SAVE_PROFILE" />
116-->[androidx.profileinstaller:profileinstaller:1.4.0] AndroidManifest.xml:47:17-88
116-->[androidx.profileinstaller:profileinstaller:1.4.0] AndroidManifest.xml:47:25-85
117            </intent-filter>
118            <intent-filter>
118-->[androidx.profileinstaller:profileinstaller:1.4.0] AndroidManifest.xml:49:13-51:29
119                <action android:name="androidx.profileinstaller.action.BENCHMARK_OPERATION" />
119-->[androidx.profileinstaller:profileinstaller:1.4.0] AndroidManifest.xml:50:17-95
119-->[androidx.profileinstaller:profileinstaller:1.4.0] AndroidManifest.xml:50:25-92
120            </intent-filter>
121        </receiver>
122    </application>
123
124</manifest>